This is pdfTeX, Version 3.14159265-2.6-1.40.19 (MiKTeX 2.9.6840 64-bit) (preloaded format=pdflatex 2018.10.28)  9 NOV 2018 22:34
entering extended mode
**"./practica 11.tex"
("practica 11.tex"
LaTeX2e <2018-04-01> patch level 5
("C:\Program Files\MiKTeX 2.9\tex\latex\base\article.cls"
Document Class: article 2014/09/29 v1.4h Standard LaTeX document class
("C:\Program Files\MiKTeX 2.9\tex\latex\base\size12.clo"
File: size12.clo 2014/09/29 v1.4h Standard LaTeX file (size option)
)
\c@part=\count80
\c@section=\count81
\c@subsection=\count82
\c@subsubsection=\count83
\c@paragraph=\count84
\c@subparagraph=\count85
\c@figure=\count86
\c@table=\count87
\abovecaptionskip=\skip41
\belowcaptionskip=\skip42
\bibindent=\dimen102
)
("C:\Program Files\MiKTeX 2.9\tex\latex\base\inputenc.sty"
Package: inputenc 2018/04/06 v1.3b Input encoding file
\inpenc@prehook=\toks14
\inpenc@posthook=\toks15
)
("C:\Program Files\MiKTeX 2.9\tex\generic\babel\babel.sty"
Package: babel 2018/09/26 3.24 The Babel package

("C:\Program Files\MiKTeX 2.9\tex\generic\babel\switch.def"
File: switch.def 2018/09/26 3.24 Babel switching mechanism
)
*************************************
* Local config file bblopts.cfg used
*
(C:\Users\degen\AppData\Roaming\MiKTeX\2.9\tex\latex\arabi\bblopts.cfg
File: bblopts.cfg 2005/09/08 v0.1 add Arabic and Farsi to "declared" options of
 babel
)
("C:\Program Files\MiKTeX 2.9\tex\latex\babel-spanish\spanish.ldf"
Language: spanish.ldf 2016/03/03 v5.0p Spanish support from the babel system

("C:\Program Files\MiKTeX 2.9\tex\generic\babel\babel.def"
File: babel.def 2018/09/26 3.24 Babel common definitions
\babel@savecnt=\count88
\U@D=\dimen103

("C:\Program Files\MiKTeX 2.9\tex\generic\babel\txtbabel.def")
\bbl@dirlevel=\count89
)
\es@quottoks=\toks16
\es@quotdepth=\count90
Package babel Info: Making " an active character on input line 561.
Package babel Info: Making . an active character on input line 662.
Package babel Info: Making < an active character on input line 707.
Package babel Info: Making > an active character on input line 707.
))
("C:\Program Files\MiKTeX 2.9\tex\latex\amsmath\amsmath.sty"
Package: amsmath 2017/09/02 v2.17a AMS math features
\@mathmargin=\skip43

For additional information on amsmath, use the `?' option.
("C:\Program Files\MiKTeX 2.9\tex\latex\amsmath\amstext.sty"
Package: amstext 2000/06/29 v2.01 AMS text

("C:\Program Files\MiKTeX 2.9\tex\latex\amsmath\amsgen.sty"
File: amsgen.sty 1999/11/30 v2.0 generic functions
\@emptytoks=\toks17
\ex@=\dimen104
))
("C:\Program Files\MiKTeX 2.9\tex\latex\amsmath\amsbsy.sty"
Package: amsbsy 1999/11/29 v1.2d Bold Symbols
\pmbraise@=\dimen105
)
("C:\Program Files\MiKTeX 2.9\tex\latex\amsmath\amsopn.sty"
Package: amsopn 2016/03/08 v2.02 operator names
)
\inf@bad=\count91
LaTeX Info: Redefining \frac on input line 213.
\uproot@=\count92
\leftroot@=\count93
LaTeX Info: Redefining \overline on input line 375.
\classnum@=\count94
\DOTSCASE@=\count95
LaTeX Info: Redefining \ldots on input line 472.
LaTeX Info: Redefining \dots on input line 475.
LaTeX Info: Redefining \cdots on input line 596.
\Mathstrutbox@=\box26
\strutbox@=\box27
\big@size=\dimen106
LaTeX Font Info:    Redeclaring font encoding OML on input line 712.
LaTeX Font Info:    Redeclaring font encoding OMS on input line 713.
\macc@depth=\count96
\c@MaxMatrixCols=\count97
\dotsspace@=\muskip10
\c@parentequation=\count98
\dspbrk@lvl=\count99
\tag@help=\toks18
\row@=\count100
\column@=\count101
\maxfields@=\count102
\andhelp@=\toks19
\eqnshift@=\dimen107
\alignsep@=\dimen108
\tagshift@=\dimen109
\tagwidth@=\dimen110
\totwidth@=\dimen111
\lineht@=\dimen112
\@envbody=\toks20
\multlinegap=\skip44
\multlinetaggap=\skip45
\mathdisplay@stack=\toks21
LaTeX Info: Redefining \[ on input line 2817.
LaTeX Info: Redefining \] on input line 2818.
)
("C:\Program Files\MiKTeX 2.9\tex\latex\amsfonts\amsfonts.sty"
Package: amsfonts 2013/01/14 v3.01 Basic AMSFonts support
\symAMSa=\mathgroup4
\symAMSb=\mathgroup5
LaTeX Font Info:    Overwriting math alphabet `\mathfrak' in version `bold'
(Font)                  U/euf/m/n --> U/euf/b/n on input line 106.
)
("C:\Program Files\MiKTeX 2.9\tex\latex\amsfonts\amssymb.sty"
Package: amssymb 2013/01/14 v3.01 AMS font symbols
)
("C:\Program Files\MiKTeX 2.9\tex\latex\graphics\graphicx.sty"
Package: graphicx 2017/06/01 v1.1a Enhanced LaTeX Graphics (DPC,SPQR)

("C:\Program Files\MiKTeX 2.9\tex\latex\graphics\keyval.sty"
Package: keyval 2014/10/28 v1.15 key=value parser (DPC)
\KV@toks@=\toks22
)
("C:\Program Files\MiKTeX 2.9\tex\latex\graphics\graphics.sty"
Package: graphics 2017/06/25 v1.2c Standard LaTeX Graphics (DPC,SPQR)

("C:\Program Files\MiKTeX 2.9\tex\latex\graphics\trig.sty"
Package: trig 2016/01/03 v1.10 sin cos tan (DPC)
)
("C:\Program Files\MiKTeX 2.9\tex\latex\graphics-cfg\graphics.cfg"
File: graphics.cfg 2016/06/04 v1.11 sample graphics configuration
)
Package graphics Info: Driver file: pdftex.def on input line 99.

("C:\Program Files\MiKTeX 2.9\tex\latex\graphics-def\pdftex.def"
File: pdftex.def 2018/01/08 v1.0l Graphics/color driver for pdftex
))
\Gin@req@height=\dimen113
\Gin@req@width=\dimen114
)
("C:\Program Files\MiKTeX 2.9\tex\latex\geometry\geometry.sty"
Package: geometry 2018/04/16 v5.8 Page Geometry

("C:\Program Files\MiKTeX 2.9\tex\generic\oberdiek\ifpdf.sty"
Package: ifpdf 2018/09/07 v3.3 Provides the ifpdf switch
)
("C:\Program Files\MiKTeX 2.9\tex\generic\oberdiek\ifvtex.sty"
Package: ifvtex 2016/05/16 v1.6 Detect VTeX and its facilities (HO)
Package ifvtex Info: VTeX not detected.
)
("C:\Program Files\MiKTeX 2.9\tex\generic\ifxetex\ifxetex.sty"
Package: ifxetex 2010/09/12 v0.6 Provides ifxetex conditional
)
\Gm@cnth=\count103
\Gm@cntv=\count104
\c@Gm@tempcnt=\count105
\Gm@bindingoffset=\dimen115
\Gm@wd@mp=\dimen116
\Gm@odd@mp=\dimen117
\Gm@even@mp=\dimen118
\Gm@layoutwidth=\dimen119
\Gm@layoutheight=\dimen120
\Gm@layouthoffset=\dimen121
\Gm@layoutvoffset=\dimen122
\Gm@dimlist=\toks23

("C:\Program Files\MiKTeX 2.9\tex\latex\geometry\geometry.cfg"))
("practica 11.aux"
LaTeX Info: Redefining \. on input line 6.
LaTeX Info: Redefining \% on input line 6.
)
\openout1 = `"practica 11.aux"'.

LaTeX Font Info:    Checking defaults for OML/cmm/m/it on input line 14.
LaTeX Font Info:    ... okay on input line 14.
LaTeX Font Info:    Checking defaults for T1/cmr/m/n on input line 14.
LaTeX Font Info:    ... okay on input line 14.
LaTeX Font Info:    Checking defaults for OT1/cmr/m/n on input line 14.
LaTeX Font Info:    ... okay on input line 14.
LaTeX Font Info:    Checking defaults for OMS/cmsy/m/n on input line 14.
LaTeX Font Info:    ... okay on input line 14.
LaTeX Font Info:    Checking defaults for OMX/cmex/m/n on input line 14.
LaTeX Font Info:    ... okay on input line 14.
LaTeX Font Info:    Checking defaults for U/cmr/m/n on input line 14.
LaTeX Font Info:    ... okay on input line 14.
LaTeX Info: Redefining \. on input line 14.
LaTeX Info: Redefining \% on input line 14.

(C:\Users\degen\AppData\Roaming\MiKTeX\2.9\tex\context\base\supp-pdf.mkii
[Loading MPS to PDF converter (version 2006.09.02).]
\scratchcounter=\count106
\scratchdimen=\dimen123
\scratchbox=\box28
\nofMPsegments=\count107
\nofMParguments=\count108
\everyMPshowfont=\toks24
\MPscratchCnt=\count109
\MPscratchDim=\dimen124
\MPnumerator=\count110
\makeMPintoPDFobject=\count111
\everyMPtoPDFconversion=\toks25
) ("C:\Program Files\MiKTeX 2.9\tex\latex\oberdiek\epstopdf-base.sty"
Package: epstopdf-base 2016/05/15 v2.6 Base part for package epstopdf

("C:\Program Files\MiKTeX 2.9\tex\generic\oberdiek\infwarerr.sty"
Package: infwarerr 2016/05/16 v1.4 Providing info/warning/error messages (HO)
)
("C:\Program Files\MiKTeX 2.9\tex\latex\oberdiek\grfext.sty"
Package: grfext 2016/05/16 v1.2 Manage graphics extensions (HO)

("C:\Program Files\MiKTeX 2.9\tex\generic\oberdiek\kvdefinekeys.sty"
Package: kvdefinekeys 2016/05/16 v1.4 Define keys (HO)

("C:\Program Files\MiKTeX 2.9\tex\generic\oberdiek\ltxcmds.sty"
Package: ltxcmds 2016/05/16 v1.23 LaTeX kernel commands for general use (HO)
)))
("C:\Program Files\MiKTeX 2.9\tex\latex\oberdiek\kvoptions.sty"
Package: kvoptions 2016/05/16 v3.12 Key value format for package options (HO)

("C:\Program Files\MiKTeX 2.9\tex\generic\oberdiek\kvsetkeys.sty"
Package: kvsetkeys 2016/05/16 v1.17 Key value parser (HO)

("C:\Program Files\MiKTeX 2.9\tex\generic\oberdiek\etexcmds.sty"
Package: etexcmds 2016/05/16 v1.6 Avoid name clashes with e-TeX commands (HO)

("C:\Program Files\MiKTeX 2.9\tex\generic\oberdiek\ifluatex.sty"
Package: ifluatex 2016/05/16 v1.4 Provides the ifluatex switch (HO)
Package ifluatex Info: LuaTeX not detected.
)
Package etexcmds Info: Could not find \expanded.
(etexcmds)             That can mean that you are not using pdfTeX 1.50 or
(etexcmds)             that some package has redefined \expanded.
(etexcmds)             In the latter case, load this package earlier.
)))
("C:\Program Files\MiKTeX 2.9\tex\generic\oberdiek\pdftexcmds.sty"
Package: pdftexcmds 2018/09/10 v0.29 Utility functions of pdfTeX for LuaTeX (HO
)
Package pdftexcmds Info: LuaTeX not detected.
Package pdftexcmds Info: \pdf@primitive is available.
Package pdftexcmds Info: \pdf@ifprimitive is available.
Package pdftexcmds Info: \pdfdraftmode found.
)
Package epstopdf-base Info: Redefining graphics rule for `.eps' on input line 4
38.
Package grfext Info: Graphics extension search list:
(grfext)             [.pdf,.png,.jpg,.mps,.jpeg,.jbig2,.jb2,.PDF,.PNG,.JPG,.JPE
G,.JBIG2,.JB2,.eps]
(grfext)             \AppendGraphicsExtensions on input line 456.
)
*geometry* driver: auto-detecting
*geometry* detected driver: pdftex
*geometry* verbose mode - [ preamble ] result:
* driver: pdftex
* paper: letterpaper
* layout: <same size as paper>
* layoutoffset:(h,v)=(0.0pt,0.0pt)
* modes: 
* h-part:(L,W,R)=(56.9055pt, 500.484pt, 56.9055pt)
* v-part:(T,H,B)=(56.9055pt, 681.15898pt, 56.9055pt)
* \paperwidth=614.295pt
* \paperheight=794.96999pt
* \textwidth=500.484pt
* \textheight=681.15898pt
* \oddsidemargin=-15.36449pt
* \evensidemargin=-15.36449pt
* \topmargin=-52.36449pt
* \headheight=12.0pt
* \headsep=25.0pt
* \topskip=12.0pt
* \footskip=30.0pt
* \marginparwidth=44.0pt
* \marginparsep=10.0pt
* \columnsep=10.0pt
* \skip\footins=10.8pt plus 4.0pt minus 2.0pt
* \hoffset=0.0pt
* \voffset=0.0pt
* \mag=1000
* \@twocolumnfalse
* \@twosidefalse
* \@mparswitchfalse
* \@reversemarginfalse
* (1in=72.27pt=25.4mm, 1cm=28.453pt)

LaTeX Font Info:    Try loading font information for U+msa on input line 15.
("C:\Program Files\MiKTeX 2.9\tex\latex\amsfonts\umsa.fd"
File: umsa.fd 2013/01/14 v3.01 AMS symbols A
)
LaTeX Font Info:    Try loading font information for U+msb on input line 15.

("C:\Program Files\MiKTeX 2.9\tex\latex\amsfonts\umsb.fd"
File: umsb.fd 2013/01/14 v3.01 AMS symbols B
) [1

{C:/Users/degen/AppData/Local/MiKTeX/2.9/pdftex/config/pdftex.map}]
<ejercicio0.jpg, id=7, 1028.34187pt x 578.16pt>
File: ejercicio0.jpg Graphic file (type jpg)
<use ejercicio0.jpg>
Package pdftex.def Info: ejercicio0.jpg  used on input line 38.
(pdftex.def)             Requested size: 1028.33937pt x 578.15858pt.

Overfull \hbox (527.85538pt too wide) in paragraph at lines 38--39
[]  
 []

[2]
<ejercicio01.jpg, id=12, 584.93532pt x 328.97906pt>
File: ejercicio01.jpg Graphic file (type jpg)
<use ejercicio01.jpg>
Package pdftex.def Info: ejercicio01.jpg  used on input line 43.
(pdftex.def)             Requested size: 467.94888pt x 263.1836pt.
 [3 <./ejercicio0.jpg>]
<ejercicio1.jpg, id=16, 356.83313pt x 222.8325pt>
File: ejercicio1.jpg Graphic file (type jpg)
<use ejercicio1.jpg>
Package pdftex.def Info: ejercicio1.jpg  used on input line 51.
(pdftex.def)             Requested size: 285.46687pt x 178.26624pt.
<ejercicio11.jpg, id=17, 115.18031pt x 506.6428pt>
File: ejercicio11.jpg Graphic file (type jpg)
<use ejercicio11.jpg>
Package pdftex.def Info: ejercicio11.jpg  used on input line 56.
(pdftex.def)             Requested size: 92.14435pt x 405.31479pt.
 [4 <./ejercicio01.jpg> <./ejercicio1.jpg>]
<ejercicio2.jpg, id=21, 370.38374pt x 225.84375pt>
File: ejercicio2.jpg Graphic file (type jpg)
<use ejercicio2.jpg>
Package pdftex.def Info: ejercicio2.jpg  used on input line 72.
(pdftex.def)             Requested size: 296.30739pt x 180.67523pt.
 [5 <./ejercicio11.jpg>]
<ejercicio21.jpg, id=25, 112.16907pt x 482.55281pt>
File: ejercicio21.jpg Graphic file (type jpg)
<use ejercicio21.jpg>
Package pdftex.def Info: ejercicio21.jpg  used on input line 77.
(pdftex.def)             Requested size: 89.73535pt x 386.04276pt.
<ejercicio22.jpg, id=26, 362.10281pt x 208.52907pt>
File: ejercicio22.jpg Graphic file (type jpg)
<use ejercicio22.jpg>
Package pdftex.def Info: ejercicio22.jpg  used on input line 81.
(pdftex.def)             Requested size: 289.68263pt x 166.82347pt.
 [6 <./ejercicio2.jpg> <./ejercicio21.jpg>]
<ejercicio23.jpg, id=30, 119.69719pt x 381.67593pt>
File: ejercicio23.jpg Graphic file (type jpg)
<use ejercicio23.jpg>
Package pdftex.def Info: ejercicio23.jpg  used on input line 86.
(pdftex.def)             Requested size: 95.75786pt x 305.34116pt.
<ejercicio3.jpg, id=31, 1028.34187pt x 578.16pt>
File: ejercicio3.jpg Graphic file (type jpg)
<use ejercicio3.jpg>
Package pdftex.def Info: ejercicio3.jpg  used on input line 100.
(pdftex.def)             Requested size: 514.16968pt x 289.07928pt.

Overfull \hbox (13.68568pt too wide) in paragraph at lines 100--101
[]  
 []

[7 <./ejercicio22.jpg> <./ejercicio23.jpg>]
<ejercicio31.jpg, id=36, 288.3272pt x 401.24907pt>
File: ejercicio31.jpg Graphic file (type jpg)
<use ejercicio31.jpg>
Package pdftex.def Info: ejercicio31.jpg  used on input line 105.
(pdftex.def)             Requested size: 230.66205pt x 320.99968pt.
 [8 <./ejercicio3.jpg> <./ejercicio31.jpg>]
<ejercicio4.jpg, id=40, 1028.34187pt x 578.16pt>
File: ejercicio4.jpg Graphic file (type jpg)
<use ejercicio4.jpg>
Package pdftex.def Info: ejercicio4.jpg  used on input line 117.
(pdftex.def)             Requested size: 514.16968pt x 289.07928pt.

Overfull \hbox (13.68568pt too wide) in paragraph at lines 117--118
[]  
 []

<ejercicio5.jpg, id=41, 1028.34187pt x 578.16pt>
File: ejercicio5.jpg Graphic file (type jpg)
<use ejercicio5.jpg>
Package pdftex.def Info: ejercicio5.jpg  used on input line 128.
(pdftex.def)             Requested size: 514.16968pt x 289.07928pt.

Overfull \hbox (13.68568pt too wide) in paragraph at lines 128--129
[]  
 []

[9 <./ejercicio4.jpg>]
<ejercicio51.jpg, id=46, 1028.34187pt x 578.16pt>
File: ejercicio51.jpg Graphic file (type jpg)
<use ejercicio51.jpg>
Package pdftex.def Info: ejercicio51.jpg  used on input line 135.
(pdftex.def)             Requested size: 514.16968pt x 289.07928pt.

Overfull \hbox (31.3105pt too wide) in paragraph at lines 135--137
[][]
 []

[10 <./ejercicio5.jpg> <./ejercicio51.jpg>]
<ejercicio6.jpg, id=50, 419.31656pt x 184.43906pt>
File: ejercicio6.jpg Graphic file (type jpg)
<use ejercicio6.jpg>
Package pdftex.def Info: ejercicio6.jpg  used on input line 144.
(pdftex.def)             Requested size: 335.45369pt x 147.55144pt.
<ejercicio61.jpg, id=51, 456.95718pt x 92.59593pt>
File: ejercicio61.jpg Graphic file (type jpg)
<use ejercicio61.jpg>
Package pdftex.def Info: ejercicio61.jpg  used on input line 147.
(pdftex.def)             Requested size: 456.95605pt x 92.59569pt.
<ejercicio62.jpg, id=52, 408.77719pt x 256.70906pt>
File: ejercicio62.jpg Graphic file (type jpg)
<use ejercicio62.jpg>
Package pdftex.def Info: ejercicio62.jpg  used on input line 151.
(pdftex.def)             Requested size: 327.02219pt x 205.36751pt.
<ejercicio63.jpg, id=53, 408.02437pt x 194.22563pt>
File: ejercicio63.jpg Graphic file (type jpg)
<use ejercicio63.jpg>
Package pdftex.def Info: ejercicio63.jpg  used on input line 154.
(pdftex.def)             Requested size: 408.02338pt x 194.22514pt.
 [11 <./ejercicio6.jpg> <./ejercicio61.jpg> <./ejercicio62.jpg>]
<ejercicio7.jpg, id=57, 375.65344pt x 231.11343pt>
File: ejercicio7.jpg Graphic file (type jpg)
<use ejercicio7.jpg>
Package pdftex.def Info: ejercicio7.jpg  used on input line 166.
(pdftex.def)             Requested size: 300.52315pt x 184.89099pt.
<ejercicio71.jpg, id=58, 301.125pt x 219.06844pt>
File: ejercicio71.jpg Graphic file (type jpg)
<use ejercicio71.jpg>
Package pdftex.def Info: ejercicio71.jpg  used on input line 169.
(pdftex.def)             Requested size: 301.12425pt x 219.06789pt.
 [12 <./ejercicio63.jpg> <./ejercicio7.jpg>]
<ejercicio8.jpg, id=62, 408.77719pt x 237.13594pt>
File: ejercicio8.jpg Graphic file (type jpg)
<use ejercicio8.jpg>
Package pdftex.def Info: ejercicio8.jpg  used on input line 178.
(pdftex.def)             Requested size: 327.02219pt x 189.709pt.
<ejercicio81.jpg, id=63, 405.01312pt x 184.43906pt>
File: ejercicio81.jpg Graphic file (type jpg)
<use ejercicio81.jpg>
Package pdftex.def Info: ejercicio81.jpg  used on input line 181.
(pdftex.def)             Requested size: 405.01212pt x 184.4386pt.

[13 <./ejercicio71.jpg> <./ejercicio8.jpg>] [14 <./ejercicio81.jpg>]
("practica 11.aux"
LaTeX Info: Redefining \. on input line 6.
LaTeX Info: Redefining \% on input line 6.
) ) 
Here is how much of TeX's memory you used:
 3861 strings out of 492970
 52304 string characters out of 3135854
 131954 words of memory out of 3000000
 7659 multiletter control sequences out of 15000+200000
 8403 words of font info for 32 fonts, out of 3000000 for 9000
 1141 hyphenation exceptions out of 8191
 41i,6n,31p,838b,359s stack positions out of 5000i,500n,10000p,200000b,50000s
<C:/Program Files/MiKTeX 2.9/fonts/type1/public/amsfonts/cm/cmbx12.pfb><C:/P
rogram Files/MiKTeX 2.9/fonts/type1/public/amsfonts/cm/cmr12.pfb><C:/Program Fi
les/MiKTeX 2.9/fonts/type1/public/amsfonts/cm/cmr17.pfb><C:/Program Files/MiKTe
X 2.9/fonts/type1/public/amsfonts/cm/cmti12.pfb>
Output written on "practica 11.pdf" (14 pages, 1562367 bytes).
PDF statistics:
 85 PDF objects out of 1000 (max. 8388607)
 0 named destinations out of 1000 (max. 500000)
 106 words of extra memory for PDF output out of 10000 (max. 10000000)

